<?xml version="1.0" encoding="UTF-8"?>
<!-- Generated by org.testng.reporters.JUnitReportReporter -->
<testsuite hostname="DESKTOP-E7RH1QJ" failures="0" tests="4" name="com.sportyshoe.testpages.SportyShoePageTest" time="52.945" errors="0" timestamp="2023-11-15T17:54:55 IST" skipped="0">
  <testcase classname="com.sportyshoe.testpages.SportyShoePageTest" name="User_Registration" time="22.938"/>
  <system-out/>
  <testcase classname="com.sportyshoe.testpages.SportyShoePageTest" name="User_Login" time="12.824"/>
  <system-out/>
  <testcase classname="com.sportyshoe.testpages.SportyShoePageTest" name="Add_To_Cart" time="4.352"/>
  <system-out/>
  <testcase classname="com.sportyshoe.testpages.SportyShoePageTest" name="Place_Order" time="12.831"/>
  <system-out/>
</testsuite> <!-- com.sportyshoe.testpages.SportyShoePageTest -->
