<?xml version="1.0" encoding="UTF-8"?>
<!-- Generated by org.testng.reporters.JUnitReportReporter -->
<testsuite hostname="DESKTOP-E7RH1QJ" failures="0" tests="3" name="com.sportyshoe.RestassuredScripts.PostandPutnewShoe" time="3.164" errors="0" timestamp="2023-11-15T17:18:00 IST" skipped="0">
  <testcase classname="com.sportyshoe.RestassuredScripts.PostandPutnewShoe" name="add_new_product" time="3.040"/>
  <system-out/>
  <testcase classname="com.sportyshoe.RestassuredScripts.PostandPutnewShoe" name="update_a_product" time="0.083"/>
  <system-out/>
  <testcase classname="com.sportyshoe.RestassuredScripts.PostandPutnewShoe" name="delete_product" time="0.041"/>
  <system-out/>
</testsuite> <!-- com.sportyshoe.RestassuredScripts.PostandPutnewShoe -->
