<?xml version="1.0" encoding="UTF-8"?>
<!-- Generated by org.testng.reporters.JUnitReportReporter -->
<testsuite hostname="DESKTOP-E7RH1QJ" failures="0" tests="2" name="com.sportyshoe.RestassuredScripts.GetAllshoes" time="2.938" errors="0" timestamp="2023-11-15T17:14:16 IST" skipped="0">
  <testcase classname="com.sportyshoe.RestassuredScripts.GetAllshoes" name="get_all_shoes" time="2.847"/>
  <system-out/>
  <testcase classname="com.sportyshoe.RestassuredScripts.GetAllshoes" name="get_all_users" time="0.091"/>
  <system-out/>
</testsuite> <!-- com.sportyshoe.RestassuredScripts.GetAllshoes -->
